2025-10-07 22:18:11.115 | INFO     | __main__:main:111 - Configuration loaded.
2025-10-07 22:29:46.265 | INFO     | __main__:main:111 - Configuration loaded.
2025-10-07 22:29:46.266 | WARNING  | voice_engine.recognizer:__init__:26 - CUDA provider not available for ONNX. Falling back to CPU.
2025-10-07 22:29:46.266 | INFO     | voice_engine.recognizer:__init__:31 - Sherpa-Onnx-ASR: Using cpu for inference
2025-10-07 22:29:46.266 | WARNING  | voice_engine.recognizer:_check_and_download_model:45 - Streaming Zipformer model not found in F:\VTS_Voice_Controller\models\sherpa-onnx-streaming-zipformer-en-20M-2023-02-17. Attempting to download...
2025-10-07 22:29:46.895 | ERROR    | voice_engine.utils:get_github_asset_url:41 - No match found for filename: sherpa-onnx-streaming-zipformer-en-20M-2023-02-17 in release v1.4.0.
2025-10-07 22:29:46.897 | ERROR    | voice_engine.recognizer:_check_and_download_model:64 - Could not find download URL for model sherpa-onnx-streaming-zipformer-en-20M-2023-02-17 in release v1.4.0. Please check the model name and release tag.
2025-10-07 22:30:42.922 | INFO     | __main__:main:111 - Configuration loaded.
2025-10-07 22:30:42.922 | WARNING  | voice_engine.recognizer:__init__:26 - CUDA provider not available for ONNX. Falling back to CPU.
2025-10-07 22:30:42.923 | INFO     | voice_engine.recognizer:__init__:31 - Sherpa-Onnx-ASR: Using cpu for inference
2025-10-07 22:30:42.923 | WARNING  | voice_engine.recognizer:_check_and_download_model:45 - Streaming Zipformer model not found in F:\VTS_Voice_Controller\models\sherpa-onnx-streaming-zipformer-en-20M-2023-02-17. Attempting to download...
2025-10-07 22:30:43.557 | ERROR    | voice_engine.utils:get_github_asset_url:41 - No match found for filename: sherpa-onnx-streaming-zipformer-en-20M-2023-02-17 in release v1.4.0.
2025-10-07 22:30:43.558 | ERROR    | voice_engine.recognizer:_check_and_download_model:64 - Could not find download URL for model sherpa-onnx-streaming-zipformer-en-20M-2023-02-17 in release v1.4.0. Please check the model name and release tag.
2025-10-07 22:50:57.495 | INFO     | __main__:main:111 - Configuration loaded.
2025-10-07 22:50:57.495 | WARNING  | voice_engine.recognizer:__init__:26 - CUDA provider not available for ONNX. Falling back to CPU.
2025-10-07 22:50:57.495 | INFO     | voice_engine.recognizer:__init__:31 - Sherpa-Onnx-ASR: Using cpu for inference
2025-10-07 22:50:57.495 | WARNING  | voice_engine.recognizer:_check_and_download_model:45 - Streaming Zipformer model not found in F:\VTS_Voice_Controller\models\sherpa-onnx-streaming-zipformer-en-20M-2023-02-17. Downloading the model...
2025-10-07 22:50:57.496 | WARNING  | voice_engine.utils:check_and_extract_local_file:164 - Local file not found or not a tar.bz2 archive: F:\VTS_Voice_Controller\models\sherpa-onnx-streaming-zipformer-en-20M-2023-02-17.tar.bz2
2025-10-07 22:50:57.496 | INFO     | voice_engine.recognizer:_check_and_download_model:51 - Local file not found. Downloading...
2025-10-07 22:50:57.497 | INFO     | voice_engine.utils:download_and_extract:85 - 🏃‍♂️Downloading https://github.com/k2-fsa/sherpa-onnx/releases/download/asr-models/sherpa-onnx-streaming-zipformer-en-20M-2023-02-17.tar.bz2 to F:\VTS_Voice_Controller\models\sherpa-onnx-streaming-zipformer-en-20M-2023-02-17.tar.bz2...
2025-10-07 22:51:20.507 | INFO     | voice_engine.utils:download_and_extract:106 - Downloaded sherpa-onnx-streaming-zipformer-en-20M-2023-02-17.tar.bz2 successfully.
2025-10-07 22:51:20.507 | INFO     | voice_engine.utils:download_and_extract:110 - Extracting sherpa-onnx-streaming-zipformer-en-20M-2023-02-17.tar.bz2...
2025-10-07 22:51:27.720 | INFO     | voice_engine.utils:download_and_extract:113 - Extraction completed.
2025-10-07 22:52:00.784 | INFO     | __main__:main:111 - Configuration loaded.
2025-10-07 22:52:00.784 | WARNING  | voice_engine.recognizer:__init__:26 - CUDA provider not available for ONNX. Falling back to CPU.
2025-10-07 22:52:00.785 | INFO     | voice_engine.recognizer:__init__:31 - Sherpa-Onnx-ASR: Using cpu for inference
2025-10-07 22:52:00.785 | WARNING  | voice_engine.recognizer:_check_and_download_model:45 - Streaming Zipformer model not found in F:\VTS_Voice_Controller\models\sherpa-onnx-streaming-zipformer-en-20M-2023-02-17. Downloading the model...
2025-10-07 22:52:00.785 | INFO     | voice_engine.utils:check_and_extract_local_file:145 - ✅ Extracted directory exists: F:\VTS_Voice_Controller\models\sherpa-onnx-streaming-zipformer-en-20M-2023-02-17, no operation needed.
2025-10-07 22:52:00.786 | INFO     | voice_engine.recognizer:_check_and_download_model:54 - Local file found. Using existing file.
2025-10-07 22:54:33.970 | INFO     | __main__:main:111 - Configuration loaded.
2025-10-07 22:54:33.970 | WARNING  | voice_engine.recognizer:__init__:26 - CUDA provider not available for ONNX. Falling back to CPU.
2025-10-07 22:54:33.970 | INFO     | voice_engine.recognizer:__init__:31 - Sherpa-Onnx-ASR: Using cpu for inference
2025-10-07 22:54:33.970 | WARNING  | voice_engine.recognizer:_check_and_download_model:45 - Streaming Zipformer model not found in F:\VTS_Voice_Controller\models\sherpa-onnx-streaming-zipformer-en-20M-2023-02-17. Downloading the model...
2025-10-07 22:54:33.970 | WARNING  | voice_engine.utils:check_and_extract_local_file:153 - Extracted directory F:\VTS_Voice_Controller\models\sherpa-onnx-streaming-zipformer-en-20M-2023-02-17 exists but is missing some expected files. Forcing re-download.
2025-10-07 22:54:33.986 | WARNING  | voice_engine.utils:check_and_extract_local_file:173 - Local file not found or not a tar.bz2 archive: F:\VTS_Voice_Controller\models\sherpa-onnx-streaming-zipformer-en-20M-2023-02-17.tar.bz2
2025-10-07 22:54:33.986 | INFO     | voice_engine.recognizer:_check_and_download_model:51 - Local file not found. Downloading...
2025-10-07 22:54:33.986 | INFO     | voice_engine.utils:download_and_extract:85 - 🏃‍♂️Downloading https://github.com/k2-fsa/sherpa-onnx/releases/download/asr-models/sherpa-onnx-streaming-zipformer-en-20M-2023-02-17.tar.bz2 to F:\VTS_Voice_Controller\models\sherpa-onnx-streaming-zipformer-en-20M-2023-02-17.tar.bz2...
2025-10-07 22:54:56.411 | INFO     | voice_engine.utils:download_and_extract:106 - Downloaded sherpa-onnx-streaming-zipformer-en-20M-2023-02-17.tar.bz2 successfully.
2025-10-07 22:54:56.411 | INFO     | voice_engine.utils:download_and_extract:110 - Extracting sherpa-onnx-streaming-zipformer-en-20M-2023-02-17.tar.bz2...
2025-10-07 22:55:07.613 | INFO     | voice_engine.utils:download_and_extract:113 - Extraction completed.
2025-10-07 22:56:06.119 | INFO     | __main__:main:111 - Configuration loaded.
2025-10-07 22:56:06.120 | WARNING  | voice_engine.recognizer:__init__:26 - CUDA provider not available for ONNX. Falling back to CPU.
2025-10-07 22:56:06.120 | INFO     | voice_engine.recognizer:__init__:31 - Sherpa-Onnx-ASR: Using cpu for inference
2025-10-07 22:56:06.120 | WARNING  | voice_engine.recognizer:_check_and_download_model:45 - Streaming Zipformer model not found in F:\VTS_Voice_Controller\models\sherpa-onnx-streaming-zipformer-en-20M-2023-02-17. Downloading the model...
2025-10-07 22:56:06.120 | WARNING  | voice_engine.utils:check_and_extract_local_file:160 - Extracted directory F:\VTS_Voice_Controller\models\sherpa-onnx-streaming-zipformer-en-20M-2023-02-17 exists but is missing some expected files. Forcing re-download.
2025-10-07 22:56:06.133 | WARNING  | voice_engine.utils:check_and_extract_local_file:180 - Local file not found or not a tar.bz2 archive: F:\VTS_Voice_Controller\models\sherpa-onnx-streaming-zipformer-en-20M-2023-02-17.tar.bz2
2025-10-07 22:56:06.134 | INFO     | voice_engine.recognizer:_check_and_download_model:51 - Local file not found. Downloading...
2025-10-07 22:57:42.076 | INFO     | __main__:main:111 - Configuration loaded.
2025-10-07 22:57:42.076 | WARNING  | voice_engine.recognizer:__init__:26 - CUDA provider not available for ONNX. Falling back to CPU.
2025-10-07 22:57:42.076 | INFO     | voice_engine.recognizer:__init__:31 - Sherpa-Onnx-ASR: Using cpu for inference
2025-10-07 22:57:42.077 | WARNING  | voice_engine.recognizer:_check_and_download_model:45 - Streaming Zipformer model not found in F:\VTS_Voice_Controller\models\sherpa-onnx-streaming-zipformer-en-20M-2023-02-17. Downloading the model...
2025-10-07 22:57:42.077 | WARNING  | voice_engine.utils:check_and_extract_local_file:180 - Local file not found or not a tar.bz2 archive: F:\VTS_Voice_Controller\models\sherpa-onnx-streaming-zipformer-en-20M-2023-02-17.tar.bz2
2025-10-07 22:57:42.077 | INFO     | voice_engine.recognizer:_check_and_download_model:51 - Local file not found. Downloading...
2025-10-07 22:59:49.717 | INFO     | __main__:main:111 - Configuration loaded.
2025-10-07 22:59:49.717 | WARNING  | voice_engine.recognizer:__init__:26 - CUDA provider not available for ONNX. Falling back to CPU.
2025-10-07 22:59:49.717 | INFO     | voice_engine.recognizer:__init__:31 - Sherpa-Onnx-ASR: Using cpu for inference
2025-10-07 22:59:49.717 | WARNING  | voice_engine.recognizer:_check_and_download_model:45 - Streaming Zipformer model not found in F:\VTS_Voice_Controller\models\sherpa-onnx-streaming-zipformer-en-20M-2023-02-17. Downloading the model...
2025-10-07 22:59:49.718 | WARNING  | voice_engine.utils:check_and_extract_local_file:184 - Local file not found or not a tar.bz2 archive: F:\VTS_Voice_Controller\models\sherpa-onnx-streaming-zipformer-en-20M-2023-02-17.tar.bz2
2025-10-07 22:59:49.718 | INFO     | voice_engine.recognizer:_check_and_download_model:51 - Local file not found. Downloading...
2025-10-08 22:41:31.524 | INFO     | __main__:main:111 - Configuration loaded.
2025-10-08 22:41:31.533 | WARNING  | voice_engine.recognizer:__init__:27 - CUDA provider not available for ONNX. Falling back to CPU.
2025-10-08 22:41:31.534 | INFO     | voice_engine.recognizer:__init__:32 - Sherpa-Onnx-ASR: Using cpu for inference
2025-10-08 22:58:03.954 | INFO     | __main__:main:111 - Configuration loaded.
2025-10-08 22:58:03.954 | WARNING  | voice_engine.recognizer:__init__:26 - CUDA provider not available for ONNX. Falling back to CPU.
2025-10-08 22:58:03.954 | INFO     | voice_engine.recognizer:__init__:31 - Sherpa-Onnx-ASR: Using cpu for inference
2025-10-08 22:58:03.954 | WARNING  | voice_engine.recognizer:_check_and_download_model:45 - Streaming Zipformer model not found in F:\VTS_Voice_Controller\models\sherpa-onnx-streaming-zipformer-en-20M-2023-02-17. Attempting to download and extract...
2025-10-08 22:58:03.965 | INFO     | voice_engine.utils:ensure_model_downloaded_and_extracted:64 - 🏃‍♂️Downloading https://github.com/k2-fsa/sherpa-onnx/releases/download/asr-models/sherpa-onnx-streaming-zipformer-en-20M-2023-02-17.tar.bz2 to F:\VTS_Voice_Controller\models\sherpa-onnx-streaming-zipformer-en-20M-2023-02-17.tar.bz2...
2025-10-08 22:58:28.146 | INFO     | voice_engine.utils:ensure_model_downloaded_and_extracted:84 - Downloaded sherpa-onnx-streaming-zipformer-en-20M-2023-02-17.tar.bz2 successfully.
2025-10-08 22:58:35.271 | INFO     | voice_engine.utils:ensure_model_downloaded_and_extracted:112 - Extracting sherpa-onnx-streaming-zipformer-en-20M-2023-02-17.tar.bz2 to F:\VTS_Voice_Controller\models...
2025-10-08 22:58:42.782 | INFO     | voice_engine.utils:ensure_model_downloaded_and_extracted:115 - Extraction completed.
2025-10-08 22:58:42.808 | INFO     | voice_engine.recognizer:_check_and_download_model:50 - Model download and extraction process completed.
2025-10-08 22:58:51.695 | INFO     | __main__:main:111 - Configuration loaded.
2025-10-08 22:58:51.696 | WARNING  | voice_engine.recognizer:__init__:26 - CUDA provider not available for ONNX. Falling back to CPU.
2025-10-08 22:58:51.696 | INFO     | voice_engine.recognizer:__init__:31 - Sherpa-Onnx-ASR: Using cpu for inference
2025-10-08 22:58:51.696 | WARNING  | voice_engine.recognizer:_check_and_download_model:45 - Streaming Zipformer model not found in F:\VTS_Voice_Controller\models\sherpa-onnx-streaming-zipformer-en-20M-2023-02-17. Attempting to download and extract...
2025-10-08 22:58:51.697 | INFO     | voice_engine.utils:ensure_model_downloaded_and_extracted:64 - 🏃‍♂️Downloading https://github.com/k2-fsa/sherpa-onnx/releases/download/asr-models/sherpa-onnx-streaming-zipformer-en-20M-2023-02-17.tar.bz2 to F:\VTS_Voice_Controller\models\sherpa-onnx-streaming-zipformer-en-20M-2023-02-17.tar.bz2...
2025-10-08 22:59:15.289 | INFO     | voice_engine.utils:ensure_model_downloaded_and_extracted:84 - Downloaded sherpa-onnx-streaming-zipformer-en-20M-2023-02-17.tar.bz2 successfully.
2025-10-08 22:59:22.259 | WARNING  | voice_engine.utils:ensure_model_downloaded_and_extracted:108 - Extracted directory F:\VTS_Voice_Controller\models\sherpa-onnx-streaming-zipformer-en-20M-2023-02-17 exists but is missing some expected files. Re-extracting.
2025-10-08 22:59:22.280 | INFO     | voice_engine.utils:ensure_model_downloaded_and_extracted:112 - Extracting sherpa-onnx-streaming-zipformer-en-20M-2023-02-17.tar.bz2 to F:\VTS_Voice_Controller\models...
2025-10-08 22:59:29.581 | INFO     | voice_engine.utils:ensure_model_downloaded_and_extracted:115 - Extraction completed.
2025-10-08 22:59:29.593 | INFO     | voice_engine.recognizer:_check_and_download_model:50 - Model download and extraction process completed.
2025-10-08 23:01:11.606 | INFO     | __main__:main:111 - Configuration loaded.
2025-10-08 23:01:11.607 | WARNING  | voice_engine.recognizer:__init__:26 - CUDA provider not available for ONNX. Falling back to CPU.
2025-10-08 23:01:11.607 | INFO     | voice_engine.recognizer:__init__:31 - Sherpa-Onnx-ASR: Using cpu for inference
2025-10-08 23:01:11.607 | WARNING  | voice_engine.recognizer:_check_and_download_model:45 - Streaming Zipformer model not found in F:\VTS_Voice_Controller\models\sherpa-onnx-streaming-zipformer-en-20M-2023-02-17. Attempting to download and extract...
2025-10-08 23:01:11.608 | INFO     | voice_engine.utils:ensure_model_downloaded_and_extracted:64 - 🏃‍♂️Downloading https://github.com/k2-fsa/sherpa-onnx/releases/download/asr-models/sherpa-onnx-streaming-zipformer-en-20M-2023-02-17.tar.bz2 to F:\VTS_Voice_Controller\models\sherpa-onnx-streaming-zipformer-en-20M-2023-02-17.tar.bz2...
2025-10-08 23:01:33.830 | INFO     | voice_engine.utils:ensure_model_downloaded_and_extracted:84 - Downloaded sherpa-onnx-streaming-zipformer-en-20M-2023-02-17.tar.bz2 successfully.
2025-10-08 23:01:40.684 | WARNING  | voice_engine.utils:ensure_model_downloaded_and_extracted:108 - Extracted directory F:\VTS_Voice_Controller\models\sherpa-onnx-streaming-zipformer-en-20M-2023-02-17 exists but is missing some expected files. Re-extracting.
2025-10-08 23:01:40.701 | INFO     | voice_engine.utils:ensure_model_downloaded_and_extracted:112 - Extracting sherpa-onnx-streaming-zipformer-en-20M-2023-02-17.tar.bz2 to F:\VTS_Voice_Controller\models...
2025-10-08 23:01:47.850 | INFO     | voice_engine.utils:ensure_model_downloaded_and_extracted:115 - Extraction completed.
2025-10-08 23:01:47.864 | INFO     | voice_engine.recognizer:_check_and_download_model:50 - Model download and extraction process completed.
2025-10-08 23:04:55.093 | INFO     | __main__:main:111 - Configuration loaded.
2025-10-08 23:04:55.093 | WARNING  | voice_engine.recognizer:__init__:26 - CUDA provider not available for ONNX. Falling back to CPU.
2025-10-08 23:04:55.094 | INFO     | voice_engine.recognizer:__init__:31 - Sherpa-Onnx-ASR: Using cpu for inference
2025-10-08 23:04:55.094 | WARNING  | voice_engine.recognizer:_check_and_download_model:45 - Streaming Zipformer model not found in F:\VTS_Voice_Controller\models\sherpa-onnx-streaming-zipformer-en-20M-2023-02-17. Attempting to download and extract...
2025-10-08 23:04:55.094 | INFO     | voice_engine.utils:ensure_model_downloaded_and_extracted:64 - 🏃‍♂️Downloading https://github.com/k2-fsa/sherpa-onnx/releases/download/asr-models/sherpa-onnx-streaming-zipformer-en-20M-2023-02-17.tar.bz2 to F:\VTS_Voice_Controller\models\sherpa-onnx-streaming-zipformer-en-20M-2023-02-17.tar.bz2...
2025-10-08 23:05:17.415 | INFO     | voice_engine.utils:ensure_model_downloaded_and_extracted:84 - Downloaded sherpa-onnx-streaming-zipformer-en-20M-2023-02-17.tar.bz2 successfully.
2025-10-08 23:05:24.260 | WARNING  | voice_engine.utils:ensure_model_downloaded_and_extracted:108 - Extracted directory F:\VTS_Voice_Controller\models\sherpa-onnx-streaming-zipformer-en-20M-2023-02-17 exists but is missing some expected files. Re-extracting.
2025-10-08 23:05:24.277 | INFO     | voice_engine.utils:ensure_model_downloaded_and_extracted:112 - Extracting sherpa-onnx-streaming-zipformer-en-20M-2023-02-17.tar.bz2 to F:\VTS_Voice_Controller\models...
2025-10-08 23:05:31.341 | INFO     | voice_engine.utils:ensure_model_downloaded_and_extracted:115 - Extraction completed.
2025-10-08 23:05:31.355 | INFO     | voice_engine.recognizer:_check_and_download_model:52 - Model download and extraction process completed.
2025-10-08 23:07:39.837 | INFO     | __main__:main:111 - Configuration loaded.
2025-10-08 23:07:39.953 | WARNING  | __main__:main:138 - Streaming Zipformer model not found in F:\VTS_Voice_Controller\models\sherpa-onnx-streaming-zipformer-en-20M-2023-02-17. Attempting to download and extract...
2025-10-08 23:07:39.954 | INFO     | voice_engine.utils:ensure_model_downloaded_and_extracted:64 - 🏃‍♂️Downloading https://github.com/k2-fsa/sherpa-onnx/releases/download/asr-models/sherpa-onnx-streaming-zipformer-en-20M-2023-02-17.tar.bz2 to F:\VTS_Voice_Controller\models\sherpa-onnx-streaming-zipformer-en-20M-2023-02-17.tar.bz2...
2025-10-08 23:08:02.443 | INFO     | voice_engine.utils:ensure_model_downloaded_and_extracted:84 - Downloaded sherpa-onnx-streaming-zipformer-en-20M-2023-02-17.tar.bz2 successfully.
2025-10-08 23:08:09.240 | WARNING  | voice_engine.utils:ensure_model_downloaded_and_extracted:108 - Extracted directory F:\VTS_Voice_Controller\models\sherpa-onnx-streaming-zipformer-en-20M-2023-02-17 exists but is missing some expected files. Re-extracting.
2025-10-08 23:08:09.253 | INFO     | voice_engine.utils:ensure_model_downloaded_and_extracted:112 - Extracting sherpa-onnx-streaming-zipformer-en-20M-2023-02-17.tar.bz2 to F:\VTS_Voice_Controller\models...
2025-10-08 23:08:16.336 | INFO     | voice_engine.utils:ensure_model_downloaded_and_extracted:115 - Extraction completed.
2025-10-08 23:08:16.352 | INFO     | __main__:main:143 - Model download and extraction process completed.
2025-10-08 23:08:16.352 | WARNING  | voice_engine.recognizer:__init__:25 - CUDA provider not available for ONNX. Falling back to CPU.
2025-10-08 23:08:16.352 | INFO     | voice_engine.recognizer:__init__:30 - Sherpa-Onnx-ASR: Using cpu for inference
2025-10-08 23:16:09.021 | INFO     | __main__:main:111 - Configuration loaded.
2025-10-08 23:16:09.021 | WARNING  | voice_engine.recognizer:__init__:26 - CUDA provider not available for ONNX. Falling back to CPU.
2025-10-08 23:16:09.021 | INFO     | voice_engine.recognizer:__init__:31 - Sherpa-Onnx-ASR: Using cpu for inference
2025-10-08 23:16:09.022 | WARNING  | voice_engine.recognizer:_check_and_download_model:45 - Streaming Zipformer model not found in F:\VTS_Voice_Controller\models\sherpa-onnx-streaming-zipformer-en-20M-2023-02-17. Attempting to download and extract...
2025-10-08 23:16:09.022 | INFO     | voice_engine.utils:ensure_model_downloaded_and_extracted:64 - 🏃‍♂️Downloading https://github.com/k2-fsa/sherpa-onnx/releases/download/asr-models/sherpa-onnx-streaming-zipformer-en-20M-2023-02-17.tar.bz2 to F:\VTS_Voice_Controller\models\sherpa-onnx-streaming-zipformer-en-20M-2023-02-17.tar.bz2...
2025-10-08 23:16:31.384 | INFO     | voice_engine.utils:ensure_model_downloaded_and_extracted:84 - Downloaded sherpa-onnx-streaming-zipformer-en-20M-2023-02-17.tar.bz2 successfully.
2025-10-08 23:16:39.267 | WARNING  | voice_engine.utils:ensure_model_downloaded_and_extracted:108 - Extracted directory F:\VTS_Voice_Controller\models\sherpa-onnx-streaming-zipformer-en-20M-2023-02-17 exists but is missing some expected files. Re-extracting.
2025-10-08 23:16:39.280 | INFO     | voice_engine.utils:ensure_model_downloaded_and_extracted:112 - Extracting sherpa-onnx-streaming-zipformer-en-20M-2023-02-17.tar.bz2 to F:\VTS_Voice_Controller\models...
2025-10-08 23:16:47.781 | INFO     | voice_engine.utils:ensure_model_downloaded_and_extracted:115 - Extraction completed.
2025-10-08 23:16:47.797 | INFO     | voice_engine.recognizer:_check_and_download_model:52 - Model download and extraction process completed.
2025-10-08 23:31:31.558 | INFO     | __main__:main:111 - Configuration loaded.
2025-10-08 23:31:31.559 | WARNING  | voice_engine.recognizer:__init__:26 - CUDA provider not available for ONNX. Falling back to CPU.
2025-10-08 23:31:31.559 | INFO     | voice_engine.recognizer:__init__:31 - Sherpa-Onnx-ASR: Using cpu for inference
2025-10-08 23:31:31.559 | WARNING  | voice_engine.recognizer:_check_and_download_model:45 - Streaming Zipformer model not found in F:\VTS_Voice_Controller\models\sherpa-onnx-streaming-zipformer-en-20M-2023-02-17. Attempting to download and extract...
2025-10-08 23:31:31.559 | INFO     | voice_engine.utils:ensure_model_downloaded_and_extracted:64 - 🏃‍♂️Downloading https://github.com/k2-fsa/sherpa-onnx/releases/download/asr-models/sherpa-onnx-streaming-zipformer-en-20M-2023-02-17.tar.bz2 to F:\VTS_Voice_Controller\models\sherpa-onnx-streaming-zipformer-en-20M-2023-02-17.tar.bz2...
2025-10-08 23:31:53.858 | INFO     | voice_engine.utils:ensure_model_downloaded_and_extracted:84 - Downloaded sherpa-onnx-streaming-zipformer-en-20M-2023-02-17.tar.bz2 successfully.
2025-10-08 23:32:01.042 | WARNING  | voice_engine.utils:ensure_model_downloaded_and_extracted:108 - Extracted directory F:\VTS_Voice_Controller\models\sherpa-onnx-streaming-zipformer-en-20M-2023-02-17 exists but is missing some expected files. Re-extracting.
2025-10-08 23:32:01.057 | INFO     | voice_engine.utils:ensure_model_downloaded_and_extracted:112 - Extracting sherpa-onnx-streaming-zipformer-en-20M-2023-02-17.tar.bz2 to F:\VTS_Voice_Controller\models...
2025-10-08 23:32:08.532 | INFO     | voice_engine.utils:ensure_model_downloaded_and_extracted:115 - Extraction completed.
2025-10-08 23:32:08.547 | INFO     | voice_engine.recognizer:_check_and_download_model:52 - Model download and extraction process completed.
2025-10-08 23:39:16.924 | INFO     | __main__:main:111 - Configuration loaded.
2025-10-08 23:39:16.924 | WARNING  | voice_engine.recognizer:__init__:26 - CUDA provider not available for ONNX. Falling back to CPU.
2025-10-08 23:39:16.925 | INFO     | voice_engine.recognizer:__init__:31 - Sherpa-Onnx-ASR: Using cpu for inference
2025-10-08 23:39:16.925 | WARNING  | voice_engine.recognizer:_check_and_download_model:45 - Streaming Zipformer model not found in F:\VTS_Voice_Controller\models\sherpa-onnx-streaming-zipformer-en-20M-2023-02-17. Attempting to download and extract...
2025-10-08 23:39:16.925 | INFO     | voice_engine.utils:ensure_model_downloaded_and_extracted:64 - 🏃‍♂️Downloading https://github.com/k2-fsa/sherpa-onnx/releases/download/asr-models/sherpa-onnx-streaming-zipformer-en-20M-2023-02-17.tar.bz2 to F:\VTS_Voice_Controller\models\sherpa-onnx-streaming-zipformer-en-20M-2023-02-17.tar.bz2...
2025-10-08 23:39:41.328 | INFO     | voice_engine.utils:ensure_model_downloaded_and_extracted:84 - Downloaded sherpa-onnx-streaming-zipformer-en-20M-2023-02-17.tar.bz2 successfully.
2025-10-08 23:39:41.328 | WARNING  | voice_engine.utils:ensure_model_downloaded_and_extracted:99 - Extracted directory F:\VTS_Voice_Controller\models\sherpa-onnx-streaming-zipformer-en-20M-2023-02-17 exists but is missing some expected files. Re-extracting.
2025-10-08 23:39:41.343 | INFO     | voice_engine.utils:ensure_model_downloaded_and_extracted:103 - Extracting sherpa-onnx-streaming-zipformer-en-20M-2023-02-17.tar.bz2 to F:\VTS_Voice_Controller\models\sherpa-onnx-streaming-zipformer-en-20M-2023-02-17...
2025-10-08 23:39:48.628 | INFO     | voice_engine.utils:ensure_model_downloaded_and_extracted:107 - Extraction completed.
2025-10-08 23:39:48.642 | INFO     | voice_engine.recognizer:_check_and_download_model:52 - Model download and extraction process completed.
2025-10-08 23:44:23.857 | INFO     | __main__:main:111 - Configuration loaded.
2025-10-08 23:44:23.857 | WARNING  | voice_engine.recognizer:__init__:26 - CUDA provider not available for ONNX. Falling back to CPU.
2025-10-08 23:44:23.857 | INFO     | voice_engine.recognizer:__init__:31 - Sherpa-Onnx-ASR: Using cpu for inference
2025-10-08 23:44:23.858 | WARNING  | voice_engine.recognizer:_check_and_download_model:45 - Streaming Zipformer model not found in F:\VTS_Voice_Controller\models\sherpa-onnx-streaming-zipformer-en-20M-2023-02-17. Attempting to download and extract...
2025-10-08 23:44:23.858 | INFO     | voice_engine.utils:ensure_model_downloaded_and_extracted:64 - 🏃‍♂️Downloading https://github.com/k2-fsa/sherpa-onnx/releases/download/asr-models/sherpa-onnx-streaming-zipformer-en-20M-2023-02-17.tar.bz2 to F:\VTS_Voice_Controller\models\sherpa-onnx-streaming-zipformer-en-20M-2023-02-17.tar.bz2...
2025-10-08 23:44:46.832 | INFO     | voice_engine.utils:ensure_model_downloaded_and_extracted:84 - Downloaded sherpa-onnx-streaming-zipformer-en-20M-2023-02-17.tar.bz2 successfully.
2025-10-08 23:44:46.833 | WARNING  | voice_engine.utils:ensure_model_downloaded_and_extracted:99 - Extracted directory F:\VTS_Voice_Controller\models\sherpa-onnx-streaming-zipformer-en-20M-2023-02-17 exists but is missing some expected files. Re-extracting.
2025-10-08 23:44:46.848 | INFO     | voice_engine.utils:ensure_model_downloaded_and_extracted:103 - Extracting sherpa-onnx-streaming-zipformer-en-20M-2023-02-17.tar.bz2 to F:\VTS_Voice_Controller\models\sherpa-onnx-streaming-zipformer-en-20M-2023-02-17...
2025-10-08 23:44:54.625 | INFO     | voice_engine.utils:ensure_model_downloaded_and_extracted:107 - Extraction completed.
2025-10-08 23:44:54.644 | INFO     | voice_engine.recognizer:_check_and_download_model:52 - Model download and extraction process completed.
2025-10-08 23:50:43.359 | INFO     | __main__:main:111 - Configuration loaded.
2025-10-08 23:50:43.360 | WARNING  | voice_engine.recognizer:__init__:26 - CUDA provider not available for ONNX. Falling back to CPU.
2025-10-08 23:50:43.360 | INFO     | voice_engine.recognizer:__init__:31 - Sherpa-Onnx-ASR: Using cpu for inference
2025-10-08 23:50:43.360 | WARNING  | voice_engine.recognizer:_check_and_download_model:45 - Streaming Zipformer model not found in F:\VTS_Voice_Controller\models\sherpa-onnx-streaming-zipformer-en-20M-2023-02-17. Attempting to download and extract...
2025-10-08 23:50:43.361 | INFO     | voice_engine.utils:ensure_model_downloaded_and_extracted:64 - 🏃‍♂️Downloading https://github.com/k2-fsa/sherpa-onnx/releases/download/asr-models/sherpa-onnx-streaming-zipformer-en-20M-2023-02-17.tar.bz2 to F:\VTS_Voice_Controller\models\sherpa-onnx-streaming-zipformer-en-20M-2023-02-17.tar.bz2...
2025-10-08 23:51:05.834 | INFO     | voice_engine.utils:ensure_model_downloaded_and_extracted:84 - Downloaded sherpa-onnx-streaming-zipformer-en-20M-2023-02-17.tar.bz2 successfully.
2025-10-08 23:51:05.835 | WARNING  | voice_engine.utils:ensure_model_downloaded_and_extracted:99 - Extracted directory F:\VTS_Voice_Controller\models\sherpa-onnx-streaming-zipformer-en-20M-2023-02-17 exists but is missing some expected files. Re-extracting.
2025-10-08 23:51:05.850 | INFO     | voice_engine.utils:ensure_model_downloaded_and_extracted:103 - Extracting sherpa-onnx-streaming-zipformer-en-20M-2023-02-17.tar.bz2 to F:\VTS_Voice_Controller\models\sherpa-onnx-streaming-zipformer-en-20M-2023-02-17...
2025-10-08 23:51:13.676 | INFO     | voice_engine.utils:ensure_model_downloaded_and_extracted:107 - Extraction completed.
2025-10-08 23:51:13.677 | INFO     | voice_engine.utils:ensure_model_downloaded_and_extracted:114 - Found nested directory: F:\VTS_Voice_Controller\models\sherpa-onnx-streaming-zipformer-en-20M-2023-02-17\sherpa-onnx-streaming-zipformer-en-20M-2023-02-17. Returning this path.
2025-10-08 23:51:13.692 | INFO     | voice_engine.recognizer:_check_and_download_model:52 - Model download and extraction process completed.
2025-10-08 23:51:44.647 | INFO     | __main__:main:111 - Configuration loaded.
2025-10-08 23:51:44.648 | WARNING  | voice_engine.recognizer:__init__:26 - CUDA provider not available for ONNX. Falling back to CPU.
2025-10-08 23:51:44.648 | INFO     | voice_engine.recognizer:__init__:31 - Sherpa-Onnx-ASR: Using cpu for inference
2025-10-08 23:51:44.648 | WARNING  | voice_engine.recognizer:_check_and_download_model:45 - Streaming Zipformer model not found in F:\VTS_Voice_Controller\models\sherpa-onnx-streaming-zipformer-en-20M-2023-02-17. Attempting to download and extract...
2025-10-08 23:51:44.649 | INFO     | voice_engine.utils:ensure_model_downloaded_and_extracted:64 - 🏃‍♂️Downloading https://github.com/k2-fsa/sherpa-onnx/releases/download/asr-models/sherpa-onnx-streaming-zipformer-en-20M-2023-02-17.tar.bz2 to F:\VTS_Voice_Controller\models\sherpa-onnx-streaming-zipformer-en-20M-2023-02-17.tar.bz2...
2025-10-08 23:52:06.994 | INFO     | voice_engine.utils:ensure_model_downloaded_and_extracted:84 - Downloaded sherpa-onnx-streaming-zipformer-en-20M-2023-02-17.tar.bz2 successfully.
2025-10-08 23:52:06.995 | WARNING  | voice_engine.utils:ensure_model_downloaded_and_extracted:99 - Extracted directory F:\VTS_Voice_Controller\models\sherpa-onnx-streaming-zipformer-en-20M-2023-02-17 exists but is missing some expected files. Re-extracting.
2025-10-08 23:52:07.008 | INFO     | voice_engine.utils:ensure_model_downloaded_and_extracted:103 - Extracting sherpa-onnx-streaming-zipformer-en-20M-2023-02-17.tar.bz2 to F:\VTS_Voice_Controller\models\sherpa-onnx-streaming-zipformer-en-20M-2023-02-17...
2025-10-08 23:52:14.171 | INFO     | voice_engine.utils:ensure_model_downloaded_and_extracted:107 - Extraction completed.
2025-10-08 23:52:14.171 | INFO     | voice_engine.utils:ensure_model_downloaded_and_extracted:114 - Found nested directory: F:\VTS_Voice_Controller\models\sherpa-onnx-streaming-zipformer-en-20M-2023-02-17\sherpa-onnx-streaming-zipformer-en-20M-2023-02-17. Returning this path.
2025-10-08 23:52:14.186 | INFO     | voice_engine.recognizer:_check_and_download_model:52 - Model download and extraction process completed.
2025-10-09 00:18:21.715 | INFO     | __main__:main:111 - Configuration loaded.
2025-10-09 00:18:21.715 | WARNING  | voice_engine.recognizer:__init__:26 - CUDA provider not available for ONNX. Falling back to CPU.
2025-10-09 00:18:21.716 | INFO     | voice_engine.recognizer:__init__:31 - Sherpa-Onnx-ASR: Using cpu for inference
2025-10-09 00:18:21.716 | WARNING  | voice_engine.recognizer:_check_and_download_model:45 - Streaming Zipformer model not found in F:\VTS_Voice_Controller\models\sherpa-onnx-streaming-zipformer-en-20M-2023-02-17. Attempting to download and extract...
2025-10-09 00:18:21.716 | INFO     | voice_engine.utils:ensure_model_downloaded_and_extracted:64 - 🏃‍♂️Downloading https://github.com/k2-fsa/sherpa-onnx/releases/download/asr-models/sherpa-onnx-streaming-zipformer-en-20M-2023-02-17.tar.bz2 to F:\VTS_Voice_Controller\models\sherpa-onnx-streaming-zipformer-en-20M-2023-02-17.tar.bz2...
2025-10-09 00:18:46.297 | INFO     | voice_engine.utils:ensure_model_downloaded_and_extracted:84 - Downloaded sherpa-onnx-streaming-zipformer-en-20M-2023-02-17.tar.bz2 successfully.
2025-10-09 00:18:46.298 | WARNING  | voice_engine.utils:ensure_model_downloaded_and_extracted:99 - Extracted directory F:\VTS_Voice_Controller\models\sherpa-onnx-streaming-zipformer-en-20M-2023-02-17 exists but is missing some expected files. Re-extracting.
2025-10-09 00:18:46.314 | ERROR    | voice_engine.recognizer:_check_and_download_model:54 - Failed to download or extract model: [WinError 32] 程序無法存取檔案，因為檔案正由另一個程序使用。: 'F:\\VTS_Voice_Controller\\models\\sherpa-onnx-streaming-zipformer-en-20M-2023-02-17\\sherpa-onnx-streaming-zipformer-en-20M-2023-02-17'
2025-10-09 00:38:15.293 | INFO     | __main__:main:111 - Configuration loaded.
2025-10-09 00:38:32.639 | INFO     | __main__:main:111 - Configuration loaded.
2025-10-09 00:40:20.077 | INFO     | __main__:main:111 - Configuration loaded.
2025-10-09 00:40:20.178 | INFO     | voice_engine.utils:ensure_model_downloaded_and_extracted:86 - Compressed file sherpa-onnx-streaming-zipformer-en-20M-2023-02-17.tar.bz2 already exists. Skipping download.
2025-10-09 00:40:20.179 | WARNING  | voice_engine.utils:ensure_model_downloaded_and_extracted:99 - Extracted directory F:\VTS_Voice_Controller\models\sherpa-onnx-streaming-zipformer-en-20M-2023-02-17 exists but is missing some expected files. Re-extracting.
2025-10-09 00:40:58.800 | INFO     | __main__:main:111 - Configuration loaded.
2025-10-09 00:40:58.905 | INFO     | voice_engine.utils:ensure_model_downloaded_and_extracted:86 - Compressed file sherpa-onnx-streaming-zipformer-en-20M-2023-02-17.tar.bz2 already exists. Skipping download.
2025-10-09 00:40:58.905 | WARNING  | voice_engine.utils:ensure_model_downloaded_and_extracted:99 - Extracted directory F:\VTS_Voice_Controller\models\sherpa-onnx-streaming-zipformer-en-20M-2023-02-17 exists but is missing some expected files. Re-extracting.
2025-10-09 00:40:58.906 | INFO     | voice_engine.utils:ensure_model_downloaded_and_extracted:103 - Extracting sherpa-onnx-streaming-zipformer-en-20M-2023-02-17.tar.bz2 to F:\VTS_Voice_Controller\models\sherpa-onnx-streaming-zipformer-en-20M-2023-02-17...
2025-10-09 00:41:05.807 | INFO     | voice_engine.utils:ensure_model_downloaded_and_extracted:107 - Extraction completed.
2025-10-09 00:41:05.808 | INFO     | voice_engine.utils:ensure_model_downloaded_and_extracted:114 - Found nested directory: F:\VTS_Voice_Controller\models\sherpa-onnx-streaming-zipformer-en-20M-2023-02-17\sherpa-onnx-streaming-zipformer-en-20M-2023-02-17. Returning this path.
2025-10-09 00:41:05.819 | WARNING  | voice_engine.recognizer:__init__:31 - CUDA provider not available for ONNX. Falling back to CPU.
2025-10-09 00:41:05.819 | INFO     | voice_engine.recognizer:__init__:36 - Sherpa-Onnx-ASR: Using cpu for inference
2025-10-09 00:46:38.725 | INFO     | __main__:main:111 - Configuration loaded.
2025-10-09 00:46:38.825 | INFO     | voice_engine.utils:ensure_model_downloaded_and_extracted:64 - 🏃‍♂️Downloading https://github.com/k2-fsa/sherpa-onnx/releases/download/asr-models/sherpa-onnx-streaming-zipformer-en-20M-2023-02-17.tar.bz2 to F:\VTS_Voice_Controller\models\sherpa-onnx-streaming-zipformer-en-20M-2023-02-17.tar.bz2...
2025-10-09 00:47:01.813 | INFO     | voice_engine.utils:ensure_model_downloaded_and_extracted:84 - Downloaded sherpa-onnx-streaming-zipformer-en-20M-2023-02-17.tar.bz2 successfully.
2025-10-09 00:47:01.813 | WARNING  | voice_engine.utils:ensure_model_downloaded_and_extracted:99 - Extracted directory F:\VTS_Voice_Controller\models\sherpa-onnx-streaming-zipformer-en-20M-2023-02-17 exists but is missing some expected files. Re-extracting.
2025-10-09 00:47:01.829 | INFO     | voice_engine.utils:ensure_model_downloaded_and_extracted:103 - Extracting sherpa-onnx-streaming-zipformer-en-20M-2023-02-17.tar.bz2 to F:\VTS_Voice_Controller\models\sherpa-onnx-streaming-zipformer-en-20M-2023-02-17...
2025-10-09 00:47:08.310 | INFO     | voice_engine.utils:ensure_model_downloaded_and_extracted:107 - Extraction completed.
2025-10-09 00:47:08.310 | INFO     | voice_engine.utils:ensure_model_downloaded_and_extracted:114 - Found nested directory: F:\VTS_Voice_Controller\models\sherpa-onnx-streaming-zipformer-en-20M-2023-02-17\sherpa-onnx-streaming-zipformer-en-20M-2023-02-17. Returning this path.
2025-10-09 00:47:08.326 | WARNING  | voice_engine.recognizer:__init__:31 - CUDA provider not available for ONNX. Falling back to CPU.
2025-10-09 00:47:08.326 | INFO     | voice_engine.recognizer:__init__:36 - Sherpa-Onnx-ASR: Using cpu for inference
2025-10-09 00:47:15.158 | ERROR    | vts_client:connect:26 - Failed to connect to VTube Studio: [WinError 1225] 遠端電腦拒絕網路連線。
2025-10-09 00:47:44.387 | INFO     | __main__:main:111 - Configuration loaded.
2025-10-09 00:47:44.493 | INFO     | voice_engine.utils:ensure_model_downloaded_and_extracted:64 - 🏃‍♂️Downloading https://github.com/k2-fsa/sherpa-onnx/releases/download/asr-models/sherpa-onnx-streaming-zipformer-en-20M-2023-02-17.tar.bz2 to F:\VTS_Voice_Controller\models\sherpa-onnx-streaming-zipformer-en-20M-2023-02-17.tar.bz2...
2025-10-09 00:48:08.441 | INFO     | voice_engine.utils:ensure_model_downloaded_and_extracted:84 - Downloaded sherpa-onnx-streaming-zipformer-en-20M-2023-02-17.tar.bz2 successfully.
2025-10-09 00:48:08.441 | WARNING  | voice_engine.utils:ensure_model_downloaded_and_extracted:99 - Extracted directory F:\VTS_Voice_Controller\models\sherpa-onnx-streaming-zipformer-en-20M-2023-02-17 exists but is missing some expected files. Re-extracting.
2025-10-09 00:48:08.457 | INFO     | voice_engine.utils:ensure_model_downloaded_and_extracted:103 - Extracting sherpa-onnx-streaming-zipformer-en-20M-2023-02-17.tar.bz2 to F:\VTS_Voice_Controller\models\sherpa-onnx-streaming-zipformer-en-20M-2023-02-17...
2025-10-09 00:48:15.538 | INFO     | voice_engine.utils:ensure_model_downloaded_and_extracted:107 - Extraction completed.
2025-10-09 00:48:15.539 | INFO     | voice_engine.utils:ensure_model_downloaded_and_extracted:114 - Found nested directory: F:\VTS_Voice_Controller\models\sherpa-onnx-streaming-zipformer-en-20M-2023-02-17\sherpa-onnx-streaming-zipformer-en-20M-2023-02-17. Returning this path.
2025-10-09 00:48:15.555 | WARNING  | voice_engine.recognizer:__init__:31 - CUDA provider not available for ONNX. Falling back to CPU.
2025-10-09 00:48:15.555 | INFO     | voice_engine.recognizer:__init__:36 - Sherpa-Onnx-ASR: Using cpu for inference
2025-10-09 00:48:20.142 | INFO     | vts_client:connect:24 - Connected to VTube Studio.
2025-10-09 00:48:20.197 | WARNING  | vts_client:authenticate:38 - Authentication failed. Please allow the plugin in VTube Studio.
2025-10-09 00:48:20.197 | INFO     | __main__:main:171 - Checking for expression updates from VTube Studio...
2025-10-09 00:48:20.197 | INFO     | vts_client:get_hotkey_list:66 - Requesting hotkey list from VTube Studio...
2025-10-09 00:48:20.201 | INFO     | __main__:main:228 - Starting microphone stream...
2025-10-09 00:48:20.251 | INFO     | __main__:main:241 - Microphone stream started. Say something!
2025-10-09 00:48:34.079 | INFO     | vts_client:disconnect:62 - Disconnected from VTube Studio.
2025-10-09 00:48:34.080 | INFO     | __main__:<module>:256 - Program terminated by user.
2025-10-09 00:52:46.336 | INFO     | __main__:main:111 - Configuration loaded.
2025-10-09 00:52:47.071 | INFO     | voice_engine.utils:ensure_model_downloaded_and_extracted:64 - 🏃‍♂️Downloading https://github.com/k2-fsa/sherpa-onnx/releases/download/asr-models/sherpa-onnx-streaming-zipformer-en-20M-2023-02-17.tar.bz2 to F:\VTS_Voice_Controller\models\sherpa-onnx-streaming-zipformer-en-20M-2023-02-17.tar.bz2...
2025-10-09 00:53:09.350 | INFO     | voice_engine.utils:ensure_model_downloaded_and_extracted:84 - Downloaded sherpa-onnx-streaming-zipformer-en-20M-2023-02-17.tar.bz2 successfully.
2025-10-09 00:53:09.351 | WARNING  | voice_engine.utils:ensure_model_downloaded_and_extracted:106 - Extracted directory F:\VTS_Voice_Controller\models\sherpa-onnx-streaming-zipformer-en-20M-2023-02-17 exists but is missing some expected files. Re-extracting.
2025-10-09 00:53:09.366 | INFO     | voice_engine.utils:ensure_model_downloaded_and_extracted:110 - Extracting sherpa-onnx-streaming-zipformer-en-20M-2023-02-17.tar.bz2 to F:\VTS_Voice_Controller\models\sherpa-onnx-streaming-zipformer-en-20M-2023-02-17...
2025-10-09 00:53:16.472 | INFO     | voice_engine.utils:ensure_model_downloaded_and_extracted:114 - Extraction completed.
2025-10-09 00:53:16.473 | INFO     | voice_engine.utils:ensure_model_downloaded_and_extracted:120 - Found nested directory: F:\VTS_Voice_Controller\models\sherpa-onnx-streaming-zipformer-en-20M-2023-02-17\sherpa-onnx-streaming-zipformer-en-20M-2023-02-17. Returning this path.
2025-10-09 00:53:16.491 | WARNING  | voice_engine.recognizer:__init__:31 - CUDA provider not available for ONNX. Falling back to CPU.
2025-10-09 00:53:16.491 | INFO     | voice_engine.recognizer:__init__:36 - Sherpa-Onnx-ASR: Using cpu for inference
2025-10-09 00:53:21.321 | INFO     | vts_client:connect:24 - Connected to VTube Studio.
2025-10-09 00:53:21.362 | WARNING  | vts_client:authenticate:38 - Authentication failed. Please allow the plugin in VTube Studio.
2025-10-09 00:53:21.363 | INFO     | __main__:main:171 - Checking for expression updates from VTube Studio...
2025-10-09 00:53:21.363 | INFO     | vts_client:get_hotkey_list:66 - Requesting hotkey list from VTube Studio...
2025-10-09 00:53:21.364 | INFO     | __main__:main:228 - Starting microphone stream...
2025-10-09 00:53:21.395 | INFO     | __main__:main:255 - Microphone stream started. Say something!
2025-10-09 00:53:22.014 | ERROR    | __main__:main:260 - An error occurred during audio streaming: 'str' object has no attribute 'text'
2025-10-09 00:53:22.015 | INFO     | vts_client:disconnect:62 - Disconnected from VTube Studio.
2025-10-09 00:58:30.062 | INFO     | __main__:main:111 - Configuration loaded.
2025-10-09 00:58:30.190 | WARNING  | voice_engine.utils:ensure_model_downloaded_and_extracted:78 - Extracted directory F:\VTS_Voice_Controller\models\sherpa-onnx-streaming-zipformer-en-20M-2023-02-17 exists but is missing some expected files or is incomplete. Re-extracting.
2025-10-09 00:58:30.207 | INFO     | voice_engine.utils:ensure_model_downloaded_and_extracted:84 - 🏃‍♂️Downloading https://github.com/k2-fsa/sherpa-onnx/releases/download/asr-models/sherpa-onnx-streaming-zipformer-en-20M-2023-02-17.tar.bz2 to F:\VTS_Voice_Controller\models\sherpa-onnx-streaming-zipformer-en-20M-2023-02-17.tar.bz2...
2025-10-09 00:58:52.480 | INFO     | voice_engine.utils:ensure_model_downloaded_and_extracted:104 - Downloaded sherpa-onnx-streaming-zipformer-en-20M-2023-02-17.tar.bz2 successfully.
2025-10-09 00:58:52.480 | INFO     | voice_engine.utils:ensure_model_downloaded_and_extracted:109 - Extracting sherpa-onnx-streaming-zipformer-en-20M-2023-02-17.tar.bz2 to F:\VTS_Voice_Controller\models\sherpa-onnx-streaming-zipformer-en-20M-2023-02-17...
2025-10-09 00:58:59.720 | INFO     | voice_engine.utils:ensure_model_downloaded_and_extracted:113 - Extraction completed.
2025-10-09 00:58:59.721 | INFO     | voice_engine.utils:ensure_model_downloaded_and_extracted:120 - Found nested directory after extraction: F:\VTS_Voice_Controller\models\sherpa-onnx-streaming-zipformer-en-20M-2023-02-17\sherpa-onnx-streaming-zipformer-en-20M-2023-02-17.
2025-10-09 00:58:59.736 | WARNING  | voice_engine.recognizer:__init__:31 - CUDA provider not available for ONNX. Falling back to CPU.
2025-10-09 00:58:59.737 | INFO     | voice_engine.recognizer:__init__:36 - Sherpa-Onnx-ASR: Using cpu for inference
2025-10-09 00:59:04.293 | INFO     | vts_client:connect:24 - Connected to VTube Studio.
2025-10-09 00:59:04.314 | WARNING  | vts_client:authenticate:38 - Authentication failed. Please allow the plugin in VTube Studio.
2025-10-09 00:59:04.314 | INFO     | __main__:main:171 - Checking for expression updates from VTube Studio...
2025-10-09 00:59:04.314 | INFO     | vts_client:get_hotkey_list:66 - Requesting hotkey list from VTube Studio...
2025-10-09 00:59:04.315 | INFO     | __main__:main:228 - Starting microphone stream...
2025-10-09 00:59:04.342 | INFO     | __main__:main:257 - Microphone stream started. Say something!
2025-10-09 00:59:04.965 | ERROR    | __main__:main:262 - An error occurred during audio streaming: 'str' object has no attribute 'text'
2025-10-09 00:59:04.967 | INFO     | vts_client:disconnect:62 - Disconnected from VTube Studio.
2025-10-09 01:04:49.631 | INFO     | __main__:main:111 - Configuration loaded.
2025-10-09 01:04:49.762 | INFO     | voice_engine.utils:ensure_model_downloaded_and_extracted:75 - ✅ Model already extracted and complete at F:\VTS_Voice_Controller\models\sherpa-onnx-streaming-zipformer-en-20M-2023-02-17\sherpa-onnx-streaming-zipformer-en-20M-2023-02-17. Skipping download/extraction.
2025-10-09 01:04:49.762 | WARNING  | voice_engine.recognizer:__init__:31 - CUDA provider not available for ONNX. Falling back to CPU.
2025-10-09 01:04:49.762 | INFO     | voice_engine.recognizer:__init__:36 - Sherpa-Onnx-ASR: Using cpu for inference
2025-10-09 01:04:54.337 | INFO     | vts_client:connect:24 - Connected to VTube Studio.
2025-10-09 01:04:54.356 | WARNING  | vts_client:authenticate:38 - Authentication failed. Please allow the plugin in VTube Studio.
2025-10-09 01:04:54.356 | INFO     | __main__:main:171 - Checking for expression updates from VTube Studio...
2025-10-09 01:04:54.356 | INFO     | vts_client:get_hotkey_list:66 - Requesting hotkey list from VTube Studio...
2025-10-09 01:04:54.357 | INFO     | __main__:main:228 - Starting microphone stream...
2025-10-09 01:04:54.386 | INFO     | __main__:main:257 - Microphone stream started. Say something!
2025-10-09 01:04:55.007 | ERROR    | __main__:main:262 - An error occurred during audio streaming: 'str' object has no attribute 'text'
2025-10-09 01:04:55.008 | INFO     | vts_client:disconnect:62 - Disconnected from VTube Studio.
2025-10-09 01:11:41.668 | INFO     | __main__:main:111 - Configuration loaded.
2025-10-09 01:11:41.783 | INFO     | voice_engine.utils:ensure_model_downloaded_and_extracted:75 - ✅ Model already extracted and complete at F:\VTS_Voice_Controller\models\sherpa-onnx-streaming-zipformer-en-20M-2023-02-17\sherpa-onnx-streaming-zipformer-en-20M-2023-02-17. Skipping download/extraction.
2025-10-09 01:11:41.783 | WARNING  | voice_engine.recognizer:__init__:31 - CUDA provider not available for ONNX. Falling back to CPU.
2025-10-09 01:11:41.783 | INFO     | voice_engine.recognizer:__init__:36 - Sherpa-Onnx-ASR: Using cpu for inference
2025-10-09 01:11:46.396 | INFO     | vts_client:connect:24 - Connected to VTube Studio.
2025-10-09 01:11:46.413 | WARNING  | vts_client:authenticate:38 - Authentication failed. Please allow the plugin in VTube Studio.
2025-10-09 01:11:46.413 | INFO     | __main__:main:171 - Checking for expression updates from VTube Studio...
2025-10-09 01:11:46.413 | INFO     | vts_client:get_hotkey_list:66 - Requesting hotkey list from VTube Studio...
2025-10-09 01:11:46.414 | INFO     | __main__:main:228 - Starting microphone stream...
2025-10-09 01:11:46.441 | INFO     | __main__:main:257 - Microphone stream started. Say something!
2025-10-09 01:11:47.061 | ERROR    | __main__:main:262 - An error occurred during audio streaming: 'str' object has no attribute 'text'
2025-10-09 01:11:47.062 | INFO     | vts_client:disconnect:62 - Disconnected from VTube Studio.
2025-10-09 01:12:51.474 | INFO     | __main__:main:111 - Configuration loaded.
2025-10-09 01:12:51.580 | INFO     | voice_engine.utils:ensure_model_downloaded_and_extracted:75 - ✅ Model already extracted and complete at F:\VTS_Voice_Controller\models\sherpa-onnx-streaming-zipformer-en-20M-2023-02-17\sherpa-onnx-streaming-zipformer-en-20M-2023-02-17. Skipping download/extraction.
2025-10-09 01:12:51.580 | WARNING  | voice_engine.recognizer:__init__:31 - CUDA provider not available for ONNX. Falling back to CPU.
2025-10-09 01:12:51.580 | INFO     | voice_engine.recognizer:__init__:36 - Sherpa-Onnx-ASR: Using cpu for inference
2025-10-09 01:12:56.089 | INFO     | vts_client:connect:24 - Connected to VTube Studio.
2025-10-09 01:12:56.100 | WARNING  | vts_client:authenticate:38 - Authentication failed. Please allow the plugin in VTube Studio.
2025-10-09 01:12:56.100 | INFO     | __main__:main:171 - Checking for expression updates from VTube Studio...
2025-10-09 01:12:56.101 | INFO     | vts_client:get_hotkey_list:66 - Requesting hotkey list from VTube Studio...
2025-10-09 01:12:56.102 | INFO     | __main__:main:228 - Starting microphone stream...
2025-10-09 01:12:56.127 | INFO     | __main__:main:257 - Microphone stream started. Say something!
2025-10-09 01:12:58.896 | INFO     | __main__:asr_callback:40 - Transcribed: ULARLY DO
2025-10-09 01:13:00.505 | INFO     | __main__:asr_callback:40 - Transcribed: DIA
2025-10-09 01:13:03.677 | INFO     | __main__:asr_callback:40 - Transcribed: MEANWHI
2025-10-09 01:13:04.221 | INFO     | __main__:asr_callback:40 - Transcribed: LE
2025-10-09 01:13:06.882 | INFO     | __main__:asr_callback:40 - Transcribed: O AND
2025-10-09 01:13:07.418 | INFO     | __main__:asr_callback:40 - Transcribed: ANIMOLIA
2025-10-09 01:13:11.657 | INFO     | __main__:asr_callback:40 - Transcribed: WHY
2025-10-09 01:13:12.191 | INFO     | __main__:asr_callback:40 - Transcribed: ANGRIED ALL
2025-10-09 01:13:15.965 | INFO     | __main__:asr_callback:40 - Transcribed: ANGRY
2025-10-09 01:13:22.851 | INFO     | __main__:asr_callback:40 - Transcribed: NO
2025-10-09 01:13:28.174 | INFO     | __main__:asr_callback:40 - Transcribed: IN
2025-10-09 01:13:31.894 | INFO     | __main__:asr_callback:40 - Transcribed: T NECESSAR
